<?xml version="1.0" encoding="UTF-8"?>
<testsuite xmlns:xsi="http://www.w3.org/2001/XMLSchema-instance" xsi:noNamespaceSchemaLocation="https://maven.apache.org/surefire/maven-surefire-plugin/xsd/surefire-test-report.xsd" name="com.pruebamaven.AppTest" time="0.036" tests="1" errors="0" skipped="0" failures="0">
  <properties>
    <property name="sun.desktop" value="windows"/>
    <property name="awt.toolkit" value="sun.awt.windows.WToolkit"/>
    <property name="file.encoding.pkg" value="sun.io"/>
    <property name="java.specification.version" value="1.8"/>
    <property name="sun.cpu.isalist" value="amd64"/>
    <property name="sun.jnu.encoding" value="Cp1252"/>
    <property name="java.class.path" value="f:\WorkSpace\pruebamaven\prueba\target\test-classes;f:\WorkSpace\pruebamaven\prueba\target\classes;C:\Users\salva\.m2\repository\junit\junit\4.11\junit-4.11.jar;C:\Users\salva\.m2\repository\org\hamcrest\hamcrest-core\1.3\hamcrest-core-1.3.jar;"/>
    <property name="java.vm.vendor" value="Temurin"/>
    <property name="sun.arch.data.model" value="64"/>
    <property name="user.variant" value=""/>
    <property name="java.vendor.url" value="https://adoptium.net/"/>
    <property name="user.timezone" value="Europe/Paris"/>
    <property name="java.vm.specification.version" value="1.8"/>
    <property name="os.name" value="Windows 10"/>
    <property name="user.country" value="ES"/>
    <property name="sun.java.launcher" value="SUN_STANDARD"/>
    <property name="sun.boot.library.path" value="C:\Program Files\Eclipse Adoptium\jdk-8.0.345.1-hotspot\jre\bin"/>
    <property name="sun.java.command" value="C:\Users\salva\AppData\Local\Temp\surefire6651826294829964542\surefirebooter4750377461803867725.jar C:\Users\salva\AppData\Local\Temp\surefire6651826294829964542 2022-09-25T15-29-13_707-jvmRun1 surefire44556690197338133tmp surefire_08650058622723723544tmp"/>
    <property name="surefire.test.class.path" value="f:\WorkSpace\pruebamaven\prueba\target\test-classes;f:\WorkSpace\pruebamaven\prueba\target\classes;C:\Users\salva\.m2\repository\junit\junit\4.11\junit-4.11.jar;C:\Users\salva\.m2\repository\org\hamcrest\hamcrest-core\1.3\hamcrest-core-1.3.jar;"/>
    <property name="sun.cpu.endian" value="little"/>
    <property name="user.home" value="C:\Users\salva"/>
    <property name="user.language" value="es"/>
    <property name="java.specification.vendor" value="Oracle Corporation"/>
    <property name="java.home" value="C:\Program Files\Eclipse Adoptium\jdk-8.0.345.1-hotspot\jre"/>
    <property name="basedir" value="f:\WorkSpace\pruebamaven\prueba"/>
    <property name="file.separator" value="\"/>
    <property name="line.separator" value="&#10;"/>
    <property name="java.vm.specification.vendor" value="Oracle Corporation"/>
    <property name="java.specification.name" value="Java Platform API Specification"/>
    <property name="java.awt.graphicsenv" value="sun.awt.Win32GraphicsEnvironment"/>
    <property name="surefire.real.class.path" value="C:\Users\salva\AppData\Local\Temp\surefire6651826294829964542\surefirebooter4750377461803867725.jar"/>
    <property name="sun.boot.class.path" value="C:\Program Files\Eclipse Adoptium\jdk-8.0.345.1-hotspot\jre\lib\resources.jar;C:\Program Files\Eclipse Adoptium\jdk-8.0.345.1-hotspot\jre\lib\rt.jar;C:\Program Files\Eclipse Adoptium\jdk-8.0.345.1-hotspot\jre\lib\sunrsasign.jar;C:\Program Files\Eclipse Adoptium\jdk-8.0.345.1-hotspot\jre\lib\jsse.jar;C:\Program Files\Eclipse Adoptium\jdk-8.0.345.1-hotspot\jre\lib\jce.jar;C:\Program Files\Eclipse Adoptium\jdk-8.0.345.1-hotspot\jre\lib\charsets.jar;C:\Program Files\Eclipse Adoptium\jdk-8.0.345.1-hotspot\jre\lib\jfr.jar;C:\Program Files\Eclipse Adoptium\jdk-8.0.345.1-hotspot\jre\classes"/>
    <property name="user.script" value=""/>
    <property name="sun.management.compiler" value="HotSpot 64-Bit Tiered Compilers"/>
    <property name="java.runtime.version" value="1.8.0_345-b01"/>
    <property name="user.name" value="salva"/>
    <property name="path.separator" value=";"/>
    <property name="os.version" value="10.0"/>
    <property name="java.endorsed.dirs" value="C:\Program Files\Eclipse Adoptium\jdk-8.0.345.1-hotspot\jre\lib\endorsed"/>
    <property name="java.runtime.name" value="OpenJDK Runtime Environment"/>
    <property name="file.encoding" value="Cp1252"/>
    <property name="java.vm.name" value="OpenJDK 64-Bit Server VM"/>
    <property name="localRepository" value="C:\Users\salva\.m2\repository"/>
    <property name="java.vendor.url.bug" value="https://github.com/adoptium/adoptium-support/issues"/>
    <property name="java.io.tmpdir" value="C:\Users\salva\AppData\Local\Temp\"/>
    <property name="java.version" value="1.8.0_345"/>
    <property name="user.dir" value="f:\WorkSpace\pruebamaven\prueba"/>
    <property name="os.arch" value="amd64"/>
    <property name="java.vm.specification.name" value="Java Virtual Machine Specification"/>
    <property name="java.awt.printerjob" value="sun.awt.windows.WPrinterJob"/>
    <property name="sun.os.patch.level" value=""/>
    <property name="java.library.path" value="C:\Program Files\Eclipse Adoptium\jdk-8.0.345.1-hotspot\jre\bin;C:\WINDOWS\Sun\Java\bin;C:\WINDOWS\system32;C:\WINDOWS;C:\Program Files\Eclipse Adoptium\jdk-8.0.345.1-hotspot\bin;C:\Windows\system32;C:\Windows;C:\Windows\System32\Wbem;C:\Windows\System32\WindowsPowerShell\v1.0\;C:\Windows\System32\OpenSSH\;C:\Program Files (x86)\NVIDIA Corporation\PhysX\Common;C:\Program Files (x86)\GtkSharp\2.12\bin;C:\WINDOWS\system32;C:\WINDOWS;C:\WINDOWS\System32\Wbem;C:\WINDOWS\System32\WindowsPowerShell\v1.0\;C:\WINDOWS\System32\OpenSSH\;C:\Program Files (x86)\Intel\Intel(R) Management Engine Components\DAL;C:\Program Files\Intel\Intel(R) Management Engine Components\DAL;C:\Program Files (x86)\dotnet\;F:\Program Files\nodejs\;F:\Program Files\PuTTY\;F:\Program Files\Git\cmd;C:\Program Files\AutoFirma\AutoFirma;C:\Program Files\NVIDIA Corporation\NVIDIA NvDLISR;F:\Program Files\Java\Java8\bin;C:\Program Files\MySQL\MySQL Shell 8.0\bin\;C:\Users\salva\AppData\Local\Microsoft\WindowsApps;C:\Users\salva\.dotnet\tools;F:\Users\salva\AppData\Local\Programs\Microsoft VS Code\bin;C:\Users\salva\AppData\Roaming\npm;;."/>
    <property name="java.vm.info" value="mixed mode"/>
    <property name="java.vendor" value="Temurin"/>
    <property name="java.vm.version" value="25.345-b01"/>
    <property name="java.ext.dirs" value="C:\Program Files\Eclipse Adoptium\jdk-8.0.345.1-hotspot\jre\lib\ext;C:\WINDOWS\Sun\Java\lib\ext"/>
    <property name="sun.io.unicode.encoding" value="UnicodeLittle"/>
    <property name="java.class.version" value="52.0"/>
  </properties>
  <testcase name="shouldAnswerWithTrue" classname="com.pruebamaven.AppTest" time="0.002"/>
</testsuite>